build/app/intermediates/manifest_merge_blame_file/release/manifest-merger-blame-release-report.txt
1<?xml version="1.0" encoding="utf-8"?>
2<manifest xmlns:android="http://schemas.android.com/apk/res/android"
3    package="com.example.task_1"
4    android:versionCode="1"
5    android:versionName="1.0.0" >
6
7    <uses-sdk
8        android:minSdkVersion="16"
8-->src\main\AndroidManifest.xml
9        android:targetSdkVersion="33" />
9-->src\main\AndroidManifest.xml
10
11    <uses-permission android:name="android.permission.CAMERA" />
11-->src\main\AndroidManifest.xml:2:1-61
11-->src\main\AndroidManifest.xml:2:18-58
12    <uses-permission android:name="android.permission.INTERNET" />
12-->src\main\AndroidManifest.xml:3:1-62
12-->src\main\AndroidManifest.xml:3:18-60
13    <uses-permission android:name="android.permission.ACCESS_FINE_LOCATION" />
13-->src\main\AndroidManifest.xml:4:2-76
13-->src\main\AndroidManifest.xml:4:19-73
14    <uses-permission android:name="android.permission.FOREGROUND_SERVICE" />
14-->src\main\AndroidManifest.xml:5:5-77
14-->src\main\AndroidManifest.xml:5:22-74
15    <uses-permission android:name="android.permission.ACCESS_COARSE_LOCATION" />
15-->src\main\AndroidManifest.xml:6:5-81
15-->src\main\AndroidManifest.xml:6:22-78
16    <uses-permission android:name="android.permission.ACCESS_LOCATION_EXTRA_COMMANDS" />
16-->src\main\AndroidManifest.xml:7:5-89
16-->src\main\AndroidManifest.xml:7:22-86
17
18    <permission
18-->[androidx.core:core:1.10.1] AndroidManifest.xml:22:5-24:47
19        android:name="com.example.task_1.DYNAMIC_RECEIVER_NOT_EXPORTED_PERMISSION"
19-->[androidx.core:core:1.10.1] AndroidManifest.xml:23:9-81
20        android:protectionLevel="signature" />
20-->[androidx.core:core:1.10.1] AndroidManifest.xml:24:9-44
21
22    <uses-permission android:name="com.example.task_1.DYNAMIC_RECEIVER_NOT_EXPORTED_PERMISSION" />
22-->[androidx.core:core:1.10.1] AndroidManifest.xml:26:5-97
22-->[androidx.core:core:1.10.1] AndroidManifest.xml:26:22-94
23
24    <application
25        android:name="android.app.Application"
25-->src\main\AndroidManifest.xml:10:9-42
26        android:appComponentFactory="androidx.core.app.CoreComponentFactory"
26-->[androidx.core:core:1.10.1] AndroidManifest.xml:28:18-86
27        android:icon="@mipmap/ic_launcher"
27-->src\main\AndroidManifest.xml:11:9-43
28        android:label="task_1" >
28-->src\main\AndroidManifest.xml:9:9-31
29        <activity
29-->src\main\AndroidManifest.xml:12:9-32:20
30            android:name="com.example.task_1.MainActivity"
30-->src\main\AndroidManifest.xml:13:13-41
31            android:configChanges="orientation|keyboardHidden|keyboard|screenSize|smallestScreenSize|locale|layoutDirection|fontScale|screenLayout|density|uiMode"
31-->src\main\AndroidManifest.xml:17:13-163
32            android:exported="true"
32-->src\main\AndroidManifest.xml:14:13-36
33            android:hardwareAccelerated="true"
33-->src\main\AndroidManifest.xml:18:13-47
34            android:launchMode="singleTop"
34-->src\main\AndroidManifest.xml:15:13-43
35            android:theme="@style/LaunchTheme"
35-->src\main\AndroidManifest.xml:16:13-47
36            android:windowSoftInputMode="adjustResize" >
36-->src\main\AndroidManifest.xml:19:13-55
37
38            <!--
39                 Specifies an Android theme to apply to this Activity as soon as
40                 the Android process has started. This theme is visible to the user
41                 while the Flutter UI initializes. After that, this theme continues
42                 to determine the Window background behind the Flutter UI.
43            -->
44            <meta-data
44-->src\main\AndroidManifest.xml:24:13-27:17
45                android:name="io.flutter.embedding.android.NormalTheme"
45-->src\main\AndroidManifest.xml:25:15-70
46                android:resource="@style/NormalTheme" />
46-->src\main\AndroidManifest.xml:26:15-52
47
48            <intent-filter>
48-->src\main\AndroidManifest.xml:28:13-31:29
49                <action android:name="android.intent.action.MAIN" />
49-->src\main\AndroidManifest.xml:29:17-68
49-->src\main\AndroidManifest.xml:29:25-66
50
51                <category android:name="android.intent.category.LAUNCHER" />
51-->src\main\AndroidManifest.xml:30:17-76
51-->src\main\AndroidManifest.xml:30:27-74
52            </intent-filter>
53        </activity>
54        <!--
55             Don't delete the meta-data below.
56             This is used by the Flutter tool to generate GeneratedPluginRegistrant.java
57        -->
58        <meta-data
58-->src\main\AndroidManifest.xml:35:9-37:33
59            android:name="flutterEmbedding"
59-->src\main\AndroidManifest.xml:36:13-44
60            android:value="2" />
60-->src\main\AndroidManifest.xml:37:13-30
61
62        <service
62-->[:geolocator_android] AndroidManifest.xml:12:9-16:56
63            android:name="com.baseflow.geolocator.GeolocatorLocationService"
63-->[:geolocator_android] AndroidManifest.xml:13:13-77
64            android:enabled="true"
64-->[:geolocator_android] AndroidManifest.xml:14:13-35
65            android:exported="false"
65-->[:geolocator_android] AndroidManifest.xml:15:13-37
66            android:foregroundServiceType="location" />
66-->[:geolocator_android] AndroidManifest.xml:16:13-53
67
68        <provider
68-->[:image_picker_android] AndroidManifest.xml:10:9-18:20
69            android:name="io.flutter.plugins.imagepicker.ImagePickerFileProvider"
69-->[:image_picker_android] AndroidManifest.xml:11:13-82
70            android:authorities="com.example.task_1.flutter.image_provider"
70-->[:image_picker_android] AndroidManifest.xml:12:13-74
71            android:exported="false"
71-->[:image_picker_android] AndroidManifest.xml:13:13-37
72            android:grantUriPermissions="true" >
72-->[:image_picker_android] AndroidManifest.xml:14:13-47
73            <meta-data
73-->[:image_picker_android] AndroidManifest.xml:15:13-17:75
74                android:name="android.support.FILE_PROVIDER_PATHS"
74-->[:image_picker_android] AndroidManifest.xml:16:17-67
75                android:resource="@xml/flutter_image_picker_file_paths" />
75-->[:image_picker_android] AndroidManifest.xml:17:17-72
76        </provider>
77
78        <activity
78-->[:url_launcher_android] AndroidManifest.xml:10:9-13:74
79            android:name="io.flutter.plugins.urllauncher.WebViewActivity"
79-->[:url_launcher_android] AndroidManifest.xml:11:13-74
80            android:exported="false"
80-->[:url_launcher_android] AndroidManifest.xml:12:13-37
81            android:theme="@android:style/Theme.NoTitleBar.Fullscreen" />
81-->[:url_launcher_android] AndroidManifest.xml:13:13-71
82        <activity
82-->[com.google.android.gms:play-services-base:18.1.0] AndroidManifest.xml:20:9-22:45
83            android:name="com.google.android.gms.common.api.GoogleApiActivity"
83-->[com.google.android.gms:play-services-base:18.1.0] AndroidManifest.xml:20:19-85
84            android:exported="false"
84-->[com.google.android.gms:play-services-base:18.1.0] AndroidManifest.xml:22:19-43
85            android:theme="@android:style/Theme.Translucent.NoTitleBar" />
85-->[com.google.android.gms:play-services-base:18.1.0] AndroidManifest.xml:21:19-78
86
87        <meta-data
87-->[com.google.android.gms:play-services-basement:18.1.0] AndroidManifest.xml:21:9-23:69
88            android:name="com.google.android.gms.version"
88-->[com.google.android.gms:play-services-basement:18.1.0] AndroidManifest.xml:22:13-58
89            android:value="@integer/google_play_services_version" />
89-->[com.google.android.gms:play-services-basement:18.1.0] AndroidManifest.xml:23:13-66
90
91        <uses-library
91-->[androidx.window:window:1.0.0-beta04] AndroidManifest.xml:25:9-27:40
92            android:name="androidx.window.extensions"
92-->[androidx.window:window:1.0.0-beta04] AndroidManifest.xml:26:13-54
93            android:required="false" />
93-->[androidx.window:window:1.0.0-beta04] AndroidManifest.xml:27:13-37
94        <uses-library
94-->[androidx.window:window:1.0.0-beta04] AndroidManifest.xml:28:9-30:40
95            android:name="androidx.window.sidecar"
95-->[androidx.window:window:1.0.0-beta04] AndroidManifest.xml:29:13-51
96            android:required="false" />
96-->[androidx.window:window:1.0.0-beta04] AndroidManifest.xml:30:13-37
97
98        <provider
98-->[androidx.profileinstaller:profileinstaller:1.3.0] AndroidManifest.xml:24:9-32:20
99            android:name="androidx.startup.InitializationProvider"
99-->[androidx.profileinstaller:profileinstaller:1.3.0] AndroidManifest.xml:25:13-67
100            android:authorities="com.example.task_1.androidx-startup"
100-->[androidx.profileinstaller:profileinstaller:1.3.0] AndroidManifest.xml:26:13-68
101            android:exported="false" >
101-->[androidx.profileinstaller:profileinstaller:1.3.0] AndroidManifest.xml:27:13-37
102            <meta-data
102-->[androidx.profileinstaller:profileinstaller:1.3.0] AndroidManifest.xml:29:13-31:52
103                android:name="androidx.profileinstaller.ProfileInstallerInitializer"
103-->[androidx.profileinstaller:profileinstaller:1.3.0] AndroidManifest.xml:30:17-85
104                android:value="androidx.startup" />
104-->[androidx.profileinstaller:profileinstaller:1.3.0] AndroidManifest.xml:31:17-49
105        </provider>
106
107        <receiver
107-->[androidx.profileinstaller:profileinstaller:1.3.0] AndroidManifest.xml:34:9-52:20
108            android:name="androidx.profileinstaller.ProfileInstallReceiver"
108-->[androidx.profileinstaller:profileinstaller:1.3.0] AndroidManifest.xml:35:13-76
109            android:directBootAware="false"
109-->[androidx.profileinstaller:profileinstaller:1.3.0] AndroidManifest.xml:36:13-44
110            android:enabled="true"
110-->[androidx.profileinstaller:profileinstaller:1.3.0] AndroidManifest.xml:37:13-35
111            android:exported="true"
111-->[androidx.profileinstaller:profileinstaller:1.3.0] AndroidManifest.xml:38:13-36
112            android:permission="android.permission.DUMP" >
112-->[androidx.profileinstaller:profileinstaller:1.3.0] AndroidManifest.xml:39:13-57
113            <intent-filter>
113-->[androidx.profileinstaller:profileinstaller:1.3.0] AndroidManifest.xml:40:13-42:29
114                <action android:name="androidx.profileinstaller.action.INSTALL_PROFILE" />
114-->[androidx.profileinstaller:profileinstaller:1.3.0] AndroidManifest.xml:41:17-91
114-->[androidx.profileinstaller:profileinstaller:1.3.0] AndroidManifest.xml:41:25-88
115            </intent-filter>
116            <intent-filter>
116-->[androidx.profileinstaller:profileinstaller:1.3.0] AndroidManifest.xml:43:13-45:29
117                <action android:name="androidx.profileinstaller.action.SKIP_FILE" />
117-->[androidx.profileinstaller:profileinstaller:1.3.0] AndroidManifest.xml:44:17-85
117-->[androidx.profileinstaller:profileinstaller:1.3.0] AndroidManifest.xml:44:25-82
118            </intent-filter>
119            <intent-filter>
119-->[androidx.profileinstaller:profileinstaller:1.3.0] AndroidManifest.xml:46:13-48:29
120                <action android:name="androidx.profileinstaller.action.SAVE_PROFILE" />
120-->[androidx.profileinstaller:profileinstaller:1.3.0] AndroidManifest.xml:47:17-88
120-->[androidx.profileinstaller:profileinstaller:1.3.0] AndroidManifest.xml:47:25-85
121            </intent-filter>
122            <intent-filter>
122-->[androidx.profileinstaller:profileinstaller:1.3.0] AndroidManifest.xml:49:13-51:29
123                <action android:name="androidx.profileinstaller.action.BENCHMARK_OPERATION" />
123-->[androidx.profileinstaller:profileinstaller:1.3.0] AndroidManifest.xml:50:17-95
123-->[androidx.profileinstaller:profileinstaller:1.3.0] AndroidManifest.xml:50:25-92
124            </intent-filter>
125        </receiver>
126    </application>
127
128</manifest>